{"level":"info","time":"2024-03-04T12:36:39.176-0500","caller":"cmd/lt.go:205","msg":"LambdaTest Tunnel version: 3.1.31"}
{"level":"debug","time":"2024-03-04T12:36:39.179-0500","caller":"core/lifecycle.go:41","msg":"Starting pipeline....."}
{"level":"debug","time":"2024-03-04T12:36:39.180-0500","caller":"core/lifecycle.go:42","msg":"OS: windows, Arch: amd64"}
{"level":"debug","time":"2024-03-04T12:36:39.180-0500","caller":"core/lifecycle.go:43","msg":"Fetching config"}
{"level":"debug","time":"2024-03-04T12:36:39.180-0500","caller":"core/lifecycle.go:65","msg":"Starting tunnel With flags: --user rakesh.adepu --key ***** --callbackURL http://127.0.0.1:57764/started --env ht-prod --tunnelName nQKCbkKzVMyyxDOK --retry-on-failure --infoAPIPort 57765 --logFile C:\\repos_others\\restsharp-api-automation-demo\\logs\\tunnel\\nQKCbkKzVMyyxDOK-1.log"}
{"level":"debug","time":"2024-03-04T12:36:39.533-0500","caller":"core/lifecycle.go:83","msg":"Remote config fetched"}
{"level":"debug","time":"2024-03-04T12:36:39.685-0500","caller":"apiserver/setup.go:166","msg":"Starting API server"}
{"level":"debug","time":"2024-03-04T12:36:39.685-0500","caller":"networkscanner/setup.go:103","msg":"Trying on port 443"}
{"level":"debug","time":"2024-03-04T12:36:39.685-0500","caller":"custom/setup.go:860","msg":"Starting sink proxy"}
{"level":"debug","time":"2024-03-04T12:36:39.685-0500","caller":"networkscanner/setup.go:69","msg":"Trying on port 22"}
{"level":"debug","time":"2024-03-04T12:36:39.685-0500","caller":"networkscanner/setup.go:191","msg":"Trying on port 443"}
{"level":"debug","time":"2024-03-04T12:36:39.685-0500","caller":"apiserver/setup.go:148","msg":"Starting API server for tunnel info on port: 57765"}
{"level":"debug","time":"2024-03-04T12:36:39.685-0500","caller":"callback/setup.go:51","msg":"Starting the callback agent"}
{"level":"debug","time":"2024-03-04T12:36:39.685-0500","caller":"networkscanner/setup.go:137","msg":"Trying over ssh over ws"}
{"level":"info","time":"2024-03-04T12:36:39.686-0500","caller":"custom/setup.go:803","msg":"Tunnel binary started on port :9090"}
{"level":"debug","time":"2024-03-04T12:36:39.745-0500","caller":"networkscanner/setup.go:207","msg":"TCP connection was successful"}
{"level":"debug","time":"2024-03-04T12:36:39.891-0500","caller":"networkscanner/setup.go:154","msg":"WSS connection was successful"}
{"level":"debug","time":"2024-03-04T12:36:40.228-0500","caller":"networkscanner/setup.go:124","msg":"SSH connection over port 443 successful"}
{"level":"debug","time":"2024-03-04T12:36:40.343-0500","caller":"networkscanner/setup.go:90","msg":"SSH connection over port 22 successful"}
{"level":"debug","time":"2024-03-04T12:36:40.346-0500","caller":"networkscanner/setup.go:179","msg":"SSH connection over ws successful"}
{"level":"info","time":"2024-03-04T12:36:40.346-0500","caller":"core/lifecycle.go:120","msg":"Using ssh(over_22) :: connection mode"}
{"level":"info","time":"2024-03-04T12:36:40.346-0500","caller":"core/lifecycle.go:255","msg":"Launching tunnel"}
{"level":"debug","time":"2024-03-04T12:36:40.346-0500","caller":"ws/control.go:34","msg":"Starting control ws connection at wss://hts.lambdatest.com/monitor"}
{"level":"debug","time":"2024-03-04T12:36:40.586-0500","caller":"ws/control.go:72","msg":"Control ws channel opened"}
{"level":"debug","time":"2024-03-04T12:36:40.586-0500","caller":"ws/control.go:131","msg":"Starting message listener on control connection"}
{"level":"debug","time":"2024-03-04T12:36:40.638-0500","caller":"tunnelmanager/controller.go:149","msg":"otel disabled"}
{"level":"debug","time":"2024-03-04T12:36:40.638-0500","caller":"core/lifecycle.go:337","msg":"Sending tunnel registered message to channels"}
{"level":"debug","time":"2024-03-04T12:36:40.638-0500","caller":"ws/control.go:196","msg":"Tunnel registered message received on control channel"}
{"level":"debug","time":"2024-03-04T12:36:40.638-0500","caller":"ssh/setup.go:71","msg":"Using 5 ssh connection"}
{"level":"debug","time":"2024-03-04T12:36:40.639-0500","caller":"ws/control.go:200","msg":"controller bus registered"}
{"level":"debug","time":"2024-03-04T12:36:40.641-0500","caller":"callback/setup.go:100","msg":"Webhook endpoint http://127.0.0.1:57764/started successfully notified"}
{"level":"debug","time":"2024-03-04T12:36:41.356-0500","caller":"ssh/ssh.go:216","msg":"Successfully started sshd listener on port: 12711"}
{"level":"debug","time":"2024-03-04T12:36:41.356-0500","caller":"ssh/ssh.go:216","msg":"Successfully started sshd listener on port: 23851"}
{"level":"info","time":"2024-03-04T12:36:41.356-0500","caller":"core/lifecycle.go:351","msg":"You can start testing now"}
{"level":"info","time":"2024-03-04T12:36:41.356-0500","caller":"core/lifecycle.go:352","msg":"Tunnel ID: 1397787"}
{"level":"debug","time":"2024-03-04T12:36:41.356-0500","caller":"core/lifecycle.go:353","msg":"Remote Listener Started on Port 25020"}
{"level":"debug","time":"2024-03-04T12:36:41.371-0500","caller":"ssh/ssh.go:216","msg":"Successfully started sshd listener on port: 14289"}
{"level":"debug","time":"2024-03-04T12:36:41.371-0500","caller":"ssh/ssh.go:216","msg":"Successfully started sshd listener on port: 27856"}
{"level":"debug","time":"2024-03-04T12:36:41.372-0500","caller":"ssh/ssh.go:216","msg":"Successfully started sshd listener on port: 6667"}
{"level":"debug","time":"2024-03-04T12:36:41.785-0500","caller":"custom/setup.go:848","msg":"Exiting the sink proxy","tunnelID":"1397787"}
{"level":"debug","time":"2024-03-04T12:36:41.785-0500","caller":"core/lifecycle.go:395","msg":"Context cancelled"}
{"level":"debug","time":"2024-03-04T12:36:41.785-0500","caller":"apiserver/setup.go:144","msg":"Shutting down the server"}
{"level":"info","time":"2024-03-04T12:36:41.785-0500","caller":"core/lifecycle.go:397","msg":"Stopping tunnel"}
{"level":"debug","time":"2024-03-04T12:36:41.785-0500","caller":"callback/setup.go:115","msg":"Shutting down the callback agent"}
{"level":"debug","time":"2024-03-04T12:36:41.786-0500","caller":"ws/control.go:140","msg":"Unusual close error on control channel..."}
{"level":"debug","time":"2024-03-04T12:36:41.786-0500","caller":"ws/control.go:193","msg":"Write loop ended for control channel"}
{"level":"info","time":"2024-03-04T12:36:42.050-0500","caller":"core/lifecycle.go:404","msg":"Tunnel stopped successfully"}
{"level":"debug","time":"2024-03-04T12:36:42.051-0500","caller":"core/lifecycle.go:406","msg":"Quit requested from main goroutine...."}
{"level":"debug","time":"2024-03-04T12:36:42.051-0500","caller":"core/lifecycle.go:407","msg":"Waiting for the goroutines to exit"}
{"level":"debug","time":"2024-03-04T12:36:42.051-0500","caller":"core/lifecycle.go:409","msg":"All goroutines exited"}
{"level":"debug","time":"2024-03-04T12:36:42.051-0500","caller":"cmd/lt.go:261","msg":"main: all goroutines have finished."}
