{"level":"info","time":"2024-03-04T12:48:56.574-0500","caller":"cmd/lt.go:205","msg":"LambdaTest Tunnel version: 3.1.31"}
{"level":"debug","time":"2024-03-04T12:48:56.576-0500","caller":"core/lifecycle.go:41","msg":"Starting pipeline....."}
{"level":"debug","time":"2024-03-04T12:48:56.576-0500","caller":"core/lifecycle.go:42","msg":"OS: windows, Arch: amd64"}
{"level":"debug","time":"2024-03-04T12:48:56.576-0500","caller":"core/lifecycle.go:43","msg":"Fetching config"}
{"level":"debug","time":"2024-03-04T12:48:56.576-0500","caller":"core/lifecycle.go:65","msg":"Starting tunnel With flags: --user rakesh.adepu --key ***** --callbackURL http://127.0.0.1:50482/started --env ht-prod --tunnelName VkMjARVwRFefRUZF --retry-on-failure --infoAPIPort 50483 --logFile C:\\repos_others\\restsharp-api-automation-demo\\logs\\tunnel\\VkMjARVwRFefRUZF-1.log"}
{"level":"debug","time":"2024-03-04T12:48:56.852-0500","caller":"core/lifecycle.go:83","msg":"Remote config fetched"}
{"level":"debug","time":"2024-03-04T12:48:56.944-0500","caller":"apiserver/setup.go:166","msg":"Starting API server"}
{"level":"debug","time":"2024-03-04T12:48:56.944-0500","caller":"custom/setup.go:860","msg":"Starting sink proxy"}
{"level":"debug","time":"2024-03-04T12:48:56.944-0500","caller":"networkscanner/setup.go:69","msg":"Trying on port 22"}
{"level":"debug","time":"2024-03-04T12:48:56.944-0500","caller":"networkscanner/setup.go:103","msg":"Trying on port 443"}
{"level":"debug","time":"2024-03-04T12:48:56.944-0500","caller":"networkscanner/setup.go:191","msg":"Trying on port 443"}
{"level":"debug","time":"2024-03-04T12:48:56.944-0500","caller":"networkscanner/setup.go:137","msg":"Trying over ssh over ws"}
{"level":"debug","time":"2024-03-04T12:48:56.944-0500","caller":"apiserver/setup.go:148","msg":"Starting API server for tunnel info on port: 50483"}
{"level":"debug","time":"2024-03-04T12:48:56.944-0500","caller":"callback/setup.go:51","msg":"Starting the callback agent"}
{"level":"info","time":"2024-03-04T12:48:56.945-0500","caller":"custom/setup.go:803","msg":"Tunnel binary started on port :9090"}
{"level":"debug","time":"2024-03-04T12:48:56.994-0500","caller":"networkscanner/setup.go:207","msg":"TCP connection was successful"}
{"level":"debug","time":"2024-03-04T12:48:57.140-0500","caller":"networkscanner/setup.go:154","msg":"WSS connection was successful"}
{"level":"debug","time":"2024-03-04T12:48:57.470-0500","caller":"networkscanner/setup.go:124","msg":"SSH connection over port 443 successful"}
{"level":"debug","time":"2024-03-04T12:48:57.606-0500","caller":"networkscanner/setup.go:90","msg":"SSH connection over port 22 successful"}
{"level":"debug","time":"2024-03-04T12:48:57.606-0500","caller":"networkscanner/setup.go:179","msg":"SSH connection over ws successful"}
{"level":"info","time":"2024-03-04T12:48:57.606-0500","caller":"core/lifecycle.go:120","msg":"Using ssh(over_22) :: connection mode"}
{"level":"info","time":"2024-03-04T12:48:57.607-0500","caller":"core/lifecycle.go:255","msg":"Launching tunnel"}
{"level":"debug","time":"2024-03-04T12:48:57.607-0500","caller":"ws/control.go:34","msg":"Starting control ws connection at wss://hts.lambdatest.com/monitor"}
{"level":"debug","time":"2024-03-04T12:48:57.824-0500","caller":"ws/control.go:72","msg":"Control ws channel opened"}
{"level":"debug","time":"2024-03-04T12:48:57.826-0500","caller":"ws/control.go:131","msg":"Starting message listener on control connection"}
{"level":"debug","time":"2024-03-04T12:48:57.885-0500","caller":"tunnelmanager/controller.go:149","msg":"otel disabled"}
{"level":"debug","time":"2024-03-04T12:48:57.885-0500","caller":"core/lifecycle.go:337","msg":"Sending tunnel registered message to channels"}
{"level":"debug","time":"2024-03-04T12:48:57.887-0500","caller":"ws/control.go:196","msg":"Tunnel registered message received on control channel"}
{"level":"debug","time":"2024-03-04T12:48:57.887-0500","caller":"ssh/setup.go:71","msg":"Using 5 ssh connection"}
{"level":"debug","time":"2024-03-04T12:48:57.887-0500","caller":"ws/control.go:200","msg":"controller bus registered"}
{"level":"debug","time":"2024-03-04T12:48:57.890-0500","caller":"callback/setup.go:100","msg":"Webhook endpoint http://127.0.0.1:50482/started successfully notified"}
{"level":"debug","time":"2024-03-04T12:48:58.638-0500","caller":"ssh/ssh.go:216","msg":"Successfully started sshd listener on port: 31640"}
{"level":"debug","time":"2024-03-04T12:48:58.656-0500","caller":"ssh/ssh.go:216","msg":"Successfully started sshd listener on port: 15384"}
{"level":"info","time":"2024-03-04T12:48:58.656-0500","caller":"core/lifecycle.go:351","msg":"You can start testing now"}
{"level":"info","time":"2024-03-04T12:48:58.656-0500","caller":"core/lifecycle.go:352","msg":"Tunnel ID: 1397796"}
{"level":"debug","time":"2024-03-04T12:48:58.656-0500","caller":"core/lifecycle.go:353","msg":"Remote Listener Started on Port 30815"}
{"level":"debug","time":"2024-03-04T12:48:58.667-0500","caller":"ssh/ssh.go:216","msg":"Successfully started sshd listener on port: 1446"}
{"level":"debug","time":"2024-03-04T12:48:58.669-0500","caller":"ssh/ssh.go:216","msg":"Successfully started sshd listener on port: 31286"}
{"level":"debug","time":"2024-03-04T12:48:58.670-0500","caller":"ssh/ssh.go:216","msg":"Successfully started sshd listener on port: 19771"}
{"level":"debug","time":"2024-03-04T12:50:56.389-0500","caller":"custom/setup.go:548","msg":"handling connect request for URL https://petstore.swagger.io:443","tunnelID":"1397796","requestID":1}
{"level":"debug","time":"2024-03-04T12:51:01.164-0500","caller":"custom/setup.go:548","msg":"handling connect request for URL https://petstore.swagger.io:443","tunnelID":"1397796","requestID":2}
{"level":"debug","time":"2024-03-04T12:51:06.942-0500","caller":"custom/setup.go:548","msg":"handling connect request for URL https://petstore.swagger.io:443","tunnelID":"1397796","requestID":3}
{"level":"debug","time":"2024-03-04T12:51:11.408-0500","caller":"custom/setup.go:548","msg":"handling connect request for URL https://petstore.swagger.io:443","tunnelID":"1397796","requestID":4}
{"level":"debug","time":"2024-03-04T12:51:14.978-0500","caller":"callback/setup.go:115","msg":"Shutting down the callback agent"}
{"level":"debug","time":"2024-03-04T12:51:14.978-0500","caller":"core/lifecycle.go:395","msg":"Context cancelled"}
{"level":"info","time":"2024-03-04T12:51:14.978-0500","caller":"core/lifecycle.go:397","msg":"Stopping tunnel"}
{"level":"debug","time":"2024-03-04T12:51:14.978-0500","caller":"custom/setup.go:848","msg":"Exiting the sink proxy","tunnelID":"1397796"}
{"level":"debug","time":"2024-03-04T12:51:14.978-0500","caller":"apiserver/setup.go:144","msg":"Shutting down the server"}
{"level":"debug","time":"2024-03-04T12:51:14.980-0500","caller":"ws/control.go:140","msg":"Unusual close error on control channel..."}
{"level":"debug","time":"2024-03-04T12:51:14.980-0500","caller":"ws/control.go:193","msg":"Write loop ended for control channel"}
{"level":"info","time":"2024-03-04T12:51:15.316-0500","caller":"core/lifecycle.go:404","msg":"Tunnel stopped successfully"}
{"level":"debug","time":"2024-03-04T12:51:15.317-0500","caller":"core/lifecycle.go:406","msg":"Quit requested from main goroutine...."}
{"level":"debug","time":"2024-03-04T12:51:15.317-0500","caller":"core/lifecycle.go:407","msg":"Waiting for the goroutines to exit"}
{"level":"debug","time":"2024-03-04T12:51:15.317-0500","caller":"core/lifecycle.go:409","msg":"All goroutines exited"}
{"level":"debug","time":"2024-03-04T12:51:15.317-0500","caller":"cmd/lt.go:261","msg":"main: all goroutines have finished."}
